0 info it worked if it ends with ok
1 verbose cli [ '/usr/bin/nodejs', '/usr/bin/npm', 'start' ]
2 info using npm@3.5.2
3 info using node@v4.2.6
4 verbose run-script [ 'prestart', 'start', 'poststart' ]
5 info lifecycle mts-test@0.0.1~prestart: mts-test@0.0.1
6 silly lifecycle mts-test@0.0.1~prestart: no script for prestart, continuing
7 info lifecycle mts-test@0.0.1~start: mts-test@0.0.1
8 verbose lifecycle mts-test@0.0.1~start: unsafe-perm in lifecycle true
9 verbose lifecycle mts-test@0.0.1~start: PATH: /usr/share/npm/bin/node-gyp-bin:/home/sergey/work/mts-test/node_modules/.bin:/usr/local/sbin:/usr/local/bin:/usr/sbin:/usr/bin:/sbin:/bin:/usr/games:/usr/local/games:/snap/bin
10 verbose lifecycle mts-test@0.0.1~start: CWD: /home/sergey/work/mts-test
11 silly lifecycle mts-test@0.0.1~start: Args: [ '-c', 'ts-node -r tsconfig-paths/register src/main.ts' ]
12 silly lifecycle mts-test@0.0.1~start: Returned: code: 134  signal: null
13 info lifecycle mts-test@0.0.1~start: Failed to exec start script
14 verbose stack Error: mts-test@0.0.1 start: `ts-node -r tsconfig-paths/register src/main.ts`
14 verbose stack Exit status 134
14 verbose stack     at EventEmitter.<anonymous> (/usr/share/npm/lib/utils/lifecycle.js:232:16)
14 verbose stack     at emitTwo (events.js:87:13)
14 verbose stack     at EventEmitter.emit (events.js:172:7)
14 verbose stack     at ChildProcess.<anonymous> (/usr/share/npm/lib/utils/spawn.js:24:14)
14 verbose stack     at emitTwo (events.js:87:13)
14 verbose stack     at ChildProcess.emit (events.js:172:7)
14 verbose stack     at maybeClose (internal/child_process.js:821:16)
14 verbose stack     at Process.ChildProcess._handle.onexit (internal/child_process.js:211:5)
15 verbose pkgid mts-test@0.0.1
16 verbose cwd /home/sergey/work/mts-test
17 error Linux 4.4.0-142-generic
18 error argv "/usr/bin/nodejs" "/usr/bin/npm" "start"
19 error node v4.2.6
20 error npm  v3.5.2
21 error code ELIFECYCLE
22 error mts-test@0.0.1 start: `ts-node -r tsconfig-paths/register src/main.ts`
22 error Exit status 134
23 error Failed at the mts-test@0.0.1 start script 'ts-node -r tsconfig-paths/register src/main.ts'.
23 error Make sure you have the latest version of node.js and npm installed.
23 error If you do, this is most likely a problem with the mts-test package,
23 error not with npm itself.
23 error Tell the author that this fails on your system:
23 error     ts-node -r tsconfig-paths/register src/main.ts
23 error You can get information on how to open an issue for this project with:
23 error     npm bugs mts-test
23 error Or if that isn't available, you can get their info via:
23 error     npm owner ls mts-test
23 error There is likely additional logging output above.
24 verbose exit [ 1, true ]
